[2023.06.17 07:21:21.913]: Population saved to file... /home/kijada/genetic/out/population_230617_072121910.csv
[2023.06.17 07:21:21.913]: Saving telemetry... /home/kijada/genetic/telemetry/telemetry.csv
[2023.06.17 07:21:21.916]: Population saved to file... /home/kijada/genetic/out/population_230617_072121913.csv
[2023.06.17 07:21:21.916]: Cycle 0 calculation time: 26.464
[2023.06.17 07:21:21.916]: Creating next generation...
[2023.06.17 07:21:21.938]: Distributing computations across threads...
[2023.06.17 07:21:21.945]: Waiting for threads to finish...
[2023.06.17 07:21:50.876]: Population saved to file... /home/kijada/genetic/out/population_230617_072150873.csv
[2023.06.17 07:21:50.876]: Saving telemetry... /home/kijada/genetic/telemetry/telemetry.csv
[2023.06.17 07:21:50.876]: Cycle 1 calculation time: 28.938
[2023.06.17 07:21:50.876]: Creating next generation...
[2023.06.17 07:21:50.898]: Distributing computations across threads...
[2023.06.17 07:21:50.899]: Waiting for threads to finish...
[2023.06.17 07:22:26.498]: Population saved to file... /home/kijada/genetic/out/population_230617_072226495.csv
[2023.06.17 07:22:26.498]: Saving telemetry... /home/kijada/genetic/telemetry/telemetry.csv
[2023.06.17 07:22:26.498]: Cycle 2 calculation time: 35.600
[2023.06.17 07:22:26.498]: Creating next generation...
[2023.06.17 07:22:26.518]: Distributing computations across threads...
[2023.06.17 07:22:26.529]: Waiting for threads to finish...
[2023.06.17 07:23:02.349]: Population saved to file... /home/kijada/genetic/out/population_230617_072302346.csv
[2023.06.17 07:23:02.349]: Saving telemetry... /home/kijada/genetic/telemetry/telemetry.csv
[2023.06.17 07:23:02.349]: Cycle 3 calculation time: 35.831
[2023.06.17 07:23:02.349]: Creating next generation...
[2023.06.17 07:23:02.369]: Distributing computations across threads...
[2023.06.17 07:23:02.377]: Waiting for threads to finish...
[2023.06.17 07:23:38.736]: Population saved to file... /home/kijada/genetic/out/population_230617_072338733.csv
[2023.06.17 07:23:38.736]: Saving telemetry... /home/kijada/genetic/telemetry/telemetry.csv
[2023.06.17 07:23:38.736]: Cycle 4 calculation time: 36.367
[2023.06.17 07:23:38.736]: Creating next generation...
[2023.06.17 07:23:38.758]: Distributing computations across threads...
[2023.06.17 07:23:38.773]: Waiting for threads to finish...
[2023.06.17 07:24:14.877]: Population saved to file... /home/kijada/genetic/out/population_230617_072414874.csv
[2023.06.17 07:24:14.877]: Saving telemetry... /home/kijada/genetic/telemetry/telemetry.csv
[2023.06.17 07:24:14.877]: Cycle 5 calculation time: 36.120
[2023.06.17 07:24:14.877]: Creating next generation...
[2023.06.17 07:24:14.898]: Distributing computations across threads...
[2023.06.17 07:24:14.902]: Waiting for threads to finish...
[2023.06.17 07:24:56.017]: Population saved to file... /home/kijada/genetic/out/population_230617_072456014.csv
[2023.06.17 07:24:56.017]: Saving telemetry... /home/kijada/genetic/telemetry/telemetry.csv
[2023.06.17 07:24:56.018]: Cycle 6 calculation time: 41.120
[2023.06.17 07:24:56.018]: Creating next generation...
[2023.06.17 07:24:56.040]: Distributing computations across threads...
[2023.06.17 07:24:56.053]: Waiting for threads to finish...
[2023.06.17 07:25:28.190]: Population saved to file... /home/kijada/genetic/out/population_230617_072528187.csv
[2023.06.17 07:25:28.190]: Saving telemetry... /home/kijada/genetic/telemetry/telemetry.csv
[2023.06.17 07:25:28.190]: Cycle 7 calculation time: 32.150
[2023.06.17 07:25:28.190]: Creating next generation...
[2023.06.17 07:25:28.210]: Distributing computations across threads...
[2023.06.17 07:25:28.219]: Waiting for threads to finish...
[2023.06.17 07:25:59.018]: Population saved to file... /home/kijada/genetic/out/population_230617_072559015.csv
[2023.06.17 07:25:59.018]: Saving telemetry... /home/kijada/genetic/telemetry/telemetry.csv
[2023.06.17 07:25:59.018]: Cycle 8 calculation time: 30.808
[2023.06.17 07:25:59.018]: Creating next generation...
[2023.06.17 07:25:59.040]: Distributing computations across threads...
[2023.06.17 07:25:59.047]: Waiting for threads to finish...
[2023.06.17 07:26:31.818]: Population saved to file... /home/kijada/genetic/out/population_230617_072631815.csv
[2023.06.17 07:26:31.818]: Saving telemetry... /home/kijada/genetic/telemetry/telemetry.csv
[2023.06.17 07:26:31.818]: Cycle 9 calculation time: 32.778
[2023.06.17 07:26:31.818]: Creating next generation...
[2023.06.17 07:26:31.838]: Distributing computations across threads...
[2023.06.17 07:26:31.845]: Waiting for threads to finish...
[2023.06.17 07:27:06.792]: Population saved to file... /home/kijada/genetic/out/population_230617_072706788.csv
[2023.06.17 07:27:06.792]: Saving telemetry... /home/kijada/genetic/telemetry/telemetry.csv
[2023.06.17 07:27:06.795]: Population saved to file... /home/kijada/genetic/out/population_230617_072706792.csv
[2023.06.17 07:27:06.795]: Cycle 10 calculation time: 34.954
[2023.06.17 07:27:06.795]: Creating next generation...
[2023.06.17 07:27:06.817]: Distributing computations across threads...
[2023.06.17 07:27:06.828]: Waiting for threads to finish...
[2023.06.17 07:27:50.227]: Population saved to file... /home/kijada/genetic/out/population_230617_072750224.csv
[2023.06.17 07:27:50.227]: Saving telemetry... /home/kijada/genetic/telemetry/telemetry.csv
[2023.06.17 07:27:50.227]: Cycle 11 calculation time: 43.411
[2023.06.17 07:27:50.227]: Creating next generation...
[2023.06.17 07:27:50.249]: Distributing computations across threads...
[2023.06.17 07:27:50.275]: Waiting for threads to finish...
[2023.06.17 07:28:35.168]: Population saved to file... /home/kijada/genetic/out/population_230617_072835166.csv
[2023.06.17 07:28:35.168]: Saving telemetry... /home/kijada/genetic/telemetry/telemetry.csv
[2023.06.17 07:28:35.168]: Cycle 12 calculation time: 44.919
[2023.06.17 07:28:35.168]: Creating next generation...
[2023.06.17 07:28:35.188]: Distributing computations across threads...
[2023.06.17 07:28:35.209]: Waiting for threads to finish...
[2023.06.17 07:29:17.678]: Population saved to file... /home/kijada/genetic/out/population_230617_072917674.csv
[2023.06.17 07:29:17.678]: Saving telemetry... /home/kijada/genetic/telemetry/telemetry.csv
[2023.06.17 07:29:17.678]: Cycle 13 calculation time: 42.489
[2023.06.17 07:29:17.678]: Creating next generation...
[2023.06.17 07:29:17.700]: Distributing computations across threads...
[2023.06.17 07:29:17.718]: Waiting for threads to finish...
[2023.06.17 07:30:04.455]: Population saved to file... /home/kijada/genetic/out/population_230617_073004452.csv
[2023.06.17 07:30:04.455]: Saving telemetry... /home/kijada/genetic/telemetry/telemetry.csv
[2023.06.17 07:30:04.455]: Cycle 14 calculation time: 46.756
[2023.06.17 07:30:04.455]: Creating next generation...
[2023.06.17 07:30:04.477]: Distributing computations across threads...
[2023.06.17 07:30:04.488]: Waiting for threads to finish...
[2023.06.17 07:30:53.551]: Population saved to file... /home/kijada/genetic/out/population_230617_073053548.csv
[2023.06.17 07:30:53.551]: Saving telemetry... /home/kijada/genetic/telemetry/telemetry.csv
[2023.06.17 07:30:53.551]: Cycle 15 calculation time: 49.074
[2023.06.17 07:30:53.551]: Creating next generation...
[2023.06.17 07:30:53.573]: Distributing computations across threads...
[2023.06.17 07:30:53.584]: Waiting for threads to finish...
[2023.06.17 07:31:43.664]: Population saved to file... /home/kijada/genetic/out/population_230617_073143661.csv
[2023.06.17 07:31:43.664]: Saving telemetry... /home/kijada/genetic/telemetry/telemetry.csv
[2023.06.17 07:31:43.664]: Cycle 16 calculation time: 50.091
[2023.06.17 07:31:43.664]: Creating next generation...
[2023.06.17 07:31:43.686]: Distributing computations across threads...
[2023.06.17 07:31:43.687]: Waiting for threads to finish...
[2023.06.17 07:32:39.651]: Population saved to file... /home/kijada/genetic/out/population_230617_073239648.csv
[2023.06.17 07:32:39.651]: Saving telemetry... /home/kijada/genetic/telemetry/telemetry.csv
[2023.06.17 07:32:39.651]: Cycle 17 calculation time: 55.965
[2023.06.17 07:32:39.651]: Creating next generation...
[2023.06.17 07:32:39.671]: Distributing computations across threads...
[2023.06.17 07:32:39.677]: Waiting for threads to finish...
[2023.06.17 07:34:07.810]: Population saved to file... /home/kijada/genetic/out/population_230617_073407808.csv
[2023.06.17 07:34:07.810]: Saving telemetry... /home/kijada/genetic/telemetry/telemetry.csv
[2023.06.17 07:34:07.811]: Cycle 18 calculation time: 88.140
[2023.06.17 07:34:07.811]: Creating next generation...
[2023.06.17 07:34:07.831]: Distributing computations across threads...
[2023.06.17 07:34:07.841]: Waiting for threads to finish...
[2023.06.17 07:35:24.285]: Population saved to file... /home/kijada/genetic/out/population_230617_073524282.csv
[2023.06.17 07:35:24.286]: Saving telemetry... /home/kijada/genetic/telemetry/telemetry.csv
[2023.06.17 07:35:24.286]: Cycle 19 calculation time: 76.455
[2023.06.17 07:35:24.286]: Creating next generation...
[2023.06.17 07:35:24.308]: Distributing computations across threads...
[2023.06.17 07:35:24.308]: Waiting for threads to finish...
[2023.06.17 07:35:43.750]: ------------------------------------------------------------
[2023.06.17 07:35:43.750]: Starting evolution...
[2023.06.17 07:35:43.750]: ------------------------------------------------------------
[2023.06.17 07:35:43.750]: Creating generation zero...
[2023.06.17 07:35:43.769]: Distributing computations across threads...
[2023.06.17 07:35:43.771]: Waiting for threads to finish...
